<?xml version="1.0" encoding="UTF-8"?>
<!-- Generated by org.testng.reporters.JUnitXMLReporter -->
<testsuite ignored="0" hostname="DESKTOP-5OULTSJ" failures="10" tests="22" name="Command line test" time="0.068" errors="0" timestamp="11 Jun 2022 03:10:27 GMT">
  <testcase classname="sampleTest.LaunchTest" name="@BeforeMethod beforeTest" time="0.007">
    <failure type="java.lang.NullPointerException" message="Cannot invoke &amp;quot;String.hashCode()&amp;quot; because &amp;quot;this.env&amp;quot; is null">
      <![CDATA[java.lang.NullPointerException: Cannot invoke "String.hashCode()" because "this.env" is null
at driverSettings.BaseDriver.openUrl(BaseDriver.java:68)
at sampleTest.LaunchTest.beforeTest(LaunchTest.java:30)
... Removed 38 stack frames]]>
    </failure>
  </testcase> <!-- @BeforeMethod beforeTest -->
  <testcase classname="sampleTest.LaunchTest" name="@BeforeMethod beforeTest" time="0.0">
    <skipped/>
  </testcase> <!-- @BeforeMethod beforeTest -->
  <testcase classname="sampleTest.LaunchTest" name="@BeforeMethod beforeTest" time="0.0">
    <skipped/>
  </testcase> <!-- @BeforeMethod beforeTest -->
  <testcase classname="sampleTest.LaunchTest" name="@AfterTest closeDriver" time="0.0">
    <skipped/>
  </testcase> <!-- @AfterTest closeDriver -->
  <testcase classname="sampleTest.LaunchTest" name="checkFromCity" time="0.0">
    <skipped/>
  </testcase> <!-- checkFromCity -->
  <testcase classname="sampleTest.LaunchTest" name="test1" time="0.0">
    <skipped/>
  </testcase> <!-- test1 -->
  <testcase classname="sampleTest.LaunchTest" name="test2" time="0.0">
    <skipped/>
  </testcase> <!-- test2 -->
  <testcase classname="Factory.Test1" name="common" time="0.001"/>
  <testcase classname="Factory.Test1" name="test1method" time="0.0"/>
  <testcase classname="Factory.Test1" name="test2method" time="0.0"/>
  <testcase classname="Factory.Test2" name="test22mehtod" time="0.0"/>
  <testcase classname="Factory.Test2" name="test2method" time="0.002">
    <failure type="java.lang.AssertionError" message="expected [true] but found [false]">
      <![CDATA[java.lang.AssertionError: expected [true] but found [false]
at Factory.Test2.test2method(Test2.java:11)
... Removed 39 stack frames]]>
    </failure>
  </testcase> <!-- test2method -->
  <testcase classname="Factory.Test2" name="test2method" time="0.001">
    <failure type="java.lang.AssertionError" message="expected [true] but found [false]">
      <![CDATA[java.lang.AssertionError: expected [true] but found [false]
at Factory.Test2.test2method(Test2.java:11)
... Removed 39 stack frames]]>
    </failure>
  </testcase> <!-- test2method -->
  <testcase classname="Factory.Test2" name="test2method" time="0.0">
    <failure type="java.lang.AssertionError" message="expected [true] but found [false]">
      <![CDATA[java.lang.AssertionError: expected [true] but found [false]
at Factory.Test2.test2method(Test2.java:11)
... Removed 39 stack frames]]>
    </failure>
  </testcase> <!-- test2method -->
  <testcase classname="Factory.Test2" name="test2method" time="0.0">
    <failure type="java.lang.AssertionError" message="expected [true] but found [false]">
      <![CDATA[java.lang.AssertionError: expected [true] but found [false]
at Factory.Test2.test2method(Test2.java:11)
... Removed 39 stack frames]]>
    </failure>
  </testcase> <!-- test2method -->
  <testcase classname="Factory.Test2" name="test2method" time="0.0">
    <failure type="java.lang.AssertionError" message="expected [true] but found [false]">
      <![CDATA[java.lang.AssertionError: expected [true] but found [false]
at Factory.Test2.test2method(Test2.java:11)
... Removed 39 stack frames]]>
    </failure>
  </testcase> <!-- test2method -->
  <testcase classname="Factory.Test2" name="test2method" time="0.0">
    <failure type="java.lang.AssertionError" message="expected [true] but found [false]">
      <![CDATA[java.lang.AssertionError: expected [true] but found [false]
at Factory.Test2.test2method(Test2.java:11)
... Removed 39 stack frames]]>
    </failure>
  </testcase> <!-- test2method -->
  <testcase classname="Factory.Test2" name="test2method" time="0.001">
    <failure type="java.lang.AssertionError" message="expected [true] but found [false]">
      <![CDATA[java.lang.AssertionError: expected [true] but found [false]
at Factory.Test2.test2method(Test2.java:11)
... Removed 39 stack frames]]>
    </failure>
  </testcase> <!-- test2method -->
  <testcase classname="Factory.Test2" name="test2method" time="0.0">
    <failure type="java.lang.AssertionError" message="expected [true] but found [false]">
      <![CDATA[java.lang.AssertionError: expected [true] but found [false]
at Factory.Test2.test2method(Test2.java:11)
... Removed 39 stack frames]]>
    </failure>
  </testcase> <!-- test2method -->
  <testcase classname="Factory.Test2" name="test2method" time="0.0">
    <failure type="java.lang.AssertionError" message="expected [true] but found [false]">
      <![CDATA[java.lang.AssertionError: expected [true] but found [false]
at Factory.Test2.test2method(Test2.java:11)
... Removed 39 stack frames]]>
    </failure>
  </testcase> <!-- test2method -->
  <testcase classname="Factory.Test2" name="test2method" time="0.001">
    <failure type="java.lang.AssertionError" message="expected [true] but found [false]">
      <![CDATA[java.lang.AssertionError: expected [true] but found [false]
at Factory.Test2.test2method(Test2.java:11)
... Removed 39 stack frames]]>
    </failure>
  </testcase> <!-- test2method -->
  <testcase classname="Factory.Test1" name="dependedMethod" time="0.001"/>
  <testcase classname="Factory.Test3" name="test3method3" time="0.002"/>
  <testcase classname="Factory.Test3" name="test3method1" time="0.0"/>
  <testcase classname="Factory.Test3" name="test3method2" time="0.001"/>
  <testcase classname="Factory.Test3" name="test3method0" time="0.001"/>
</testsuite> <!-- Command line test -->
