<?xml version="1.0" encoding="UTF-8"?>
<!-- Generated by org.testng.reporters.JUnitXMLReporter -->
<testsuite ignored="1" hostname="DESKTOP-5OULTSJ" failures="0" tests="3" name="Test Basics 1" time="5.949" errors="0" timestamp="08 Jun 2022 02:00:28 GMT">
  <testcase classname="sampleTest.LaunchTest" name="@AfterTest closeDriver" time="0.0">
    <failure type="java.lang.NullPointerException" message="Cannot invoke &amp;quot;org.openqa.selenium.WebDriver.quit()&amp;quot; because &amp;quot;this.driver&amp;quot; is null">
      <![CDATA[java.lang.NullPointerException: Cannot invoke "org.openqa.selenium.WebDriver.quit()" because "this.driver" is null
at driverSettings.BaseDriver.closeDriver(BaseDriver.java:106)
at sampleTest.LaunchTest.closeDriver(LaunchTest.java:114)
at java.base/java.util.concurrent.FutureTask.run(FutureTask.java:264)
at java.base/java.util.concurrent.ThreadPoolExecutor.runWorker(ThreadPoolExecutor.java:1130)
at java.base/java.util.concurrent.ThreadPoolExecutor$Worker.run(ThreadPoolExecutor.java:630)
at java.base/java.lang.Thread.run(Thread.java:831)
... Removed 15 stack frames]]>
    </failure>
  </testcase> <!-- @AfterTest closeDriver -->
  <testcase classname="sampleTest.ToCity" name="@AfterTest closeDriver" time="0.0">
    <skipped/>
  </testcase> <!-- @AfterTest closeDriver -->
  <testcase classname="sampleTest.LaunchTest" name="test1" time="0.012"/>
  <testcase classname="sampleTest.LaunchTest" name="test2" time="0.003"/>
  <testcase classname="sampleTest.ToCity" name="toCityCheck" time="5.866"/>
  <testcase classname="sampleTest.LaunchTest" name="checkFromCity" time="0.0">
    <ignored/>
  </testcase> <!-- checkFromCity -->
</testsuite> <!-- Test Basics 1 -->
